<?xml version="1.0" encoding="UTF-8"?>
<testng-results ignored="0" total="1" passed="1" failed="0" skipped="0">
  <reporter-output>
  </reporter-output>
  <suite started-at="2020-04-13T23:04:37Z" name="Default suite" finished-at="2020-04-13T23:04:52Z" duration-ms="14720">
    <groups>
    </groups>
    <test started-at="2020-04-13T23:04:37Z" name="Default test" finished-at="2020-04-13T23:04:52Z" duration-ms="14720">
      <class name="testcases.HomePageTestCases">
        <test-method is-config="true" signature="setUp()[pri:0, instance:testcases.HomePageTestCases@16610890]" started-at="2020-04-13T23:04:37Z" name="setUp" finished-at="2020-04-13T23:04:40Z" duration-ms="3055" status="PASS">
          <reporter-output>
          </reporter-output>
        </test-method> <!-- setUp -->
        <test-method signature="logintoAccount()[pri:0, instance:testcases.HomePageTestCases@16610890]" started-at="2020-04-13T23:04:40Z" name="logintoAccount" finished-at="2020-04-13T23:04:52Z" duration-ms="11507" status="PASS">
          <reporter-output>
          </reporter-output>
        </test-method> <!-- logintoAccount -->
        <test-method is-config="true" signature="tearDown()[pri:0, instance:testcases.HomePageTestCases@16610890]" started-at="2020-04-13T23:04:52Z" name="tearDown" finished-at="2020-04-13T23:04:52Z" duration-ms="148" status="PASS">
          <reporter-output>
          </reporter-output>
        </test-method> <!-- tearDown -->
      </class> <!-- testcases.HomePageTestCases -->
    </test> <!-- Default test -->
  </suite> <!-- Default suite -->
</testng-results>
